<?xml version="1.0" encoding="UTF-8"?>
<!-- Generated by org.testng.reporters.JUnitReportReporter -->
<testsuite hostname="DESKTOP-V1B5SLC" failures="0" tests="1" name="executerScripts.AccountTest" time="10.882" errors="0" timestamp="2022-02-09T12:13:50 IST" skipped="0">
  <testcase classname="executerScripts.AccountTest" name="accountTestFunction" time="10.882"/>
  <system-out/>
</testsuite> <!-- executerScripts.AccountTest -->
