<?xml version="1.0" encoding="UTF-8"?>
<!-- Generated by org.testng.reporters.JUnitReportReporter -->
<testsuite hostname="DESKTOP-V1B5SLC" failures="0" tests="1" name="testScripts.NotesTest" time="33.896" errors="0" timestamp="2022-02-15T17:47:59 IST" skipped="0">
  <testcase classname="testScripts.NotesTest" name="notesTestFunction" time="33.896"/>
  <system-out/>
</testsuite> <!-- testScripts.NotesTest -->
