<?xml version="1.0" encoding="UTF-8"?>
<!-- Generated by org.testng.reporters.JUnitReportReporter -->
<testsuite hostname="DESKTOP-V1B5SLC" failures="0" tests="1" name="testScripts.TaskTest" time="24.818" errors="0" timestamp="2022-02-14T16:42:34 IST" skipped="0">
  <testcase classname="testScripts.TaskTest" name="taskTestFunction" time="24.818"/>
  <system-out/>
</testsuite> <!-- testScripts.TaskTest -->
