<?xml version="1.0" encoding="UTF-8"?>
<!-- Generated by org.testng.reporters.JUnitReportReporter -->
<testsuite hostname="DESKTOP-V1B5SLC" failures="0" tests="1" name="testScripts.AccountTest" time="15.524" errors="0" timestamp="2022-02-11T07:45:40 IST" skipped="0">
  <testcase classname="testScripts.AccountTest" name="accountTestFunction" time="15.524"/>
  <system-out/>
</testsuite> <!-- testScripts.AccountTest -->
