<?xml version="1.0" encoding="UTF-8"?>
<!-- Generated by org.testng.reporters.JUnitReportReporter -->
<testsuite hostname="DESKTOP-V1B5SLC" failures="0" tests="1" name="testScripts.NotesTest" time="27.957" errors="0" timestamp="2022-02-14T16:42:34 IST" skipped="0">
  <testcase classname="testScripts.NotesTest" name="notesTestFunction" time="27.957"/>
  <system-out/>
</testsuite> <!-- testScripts.NotesTest -->
