<?xml version="1.0" encoding="UTF-8"?>
<!-- Generated by org.testng.reporters.JUnitReportReporter -->
<testsuite hostname="DESKTOP-V1B5SLC" failures="0" tests="1" name="executerScripts.LoginScript" time="10.054" errors="0" timestamp="2022-02-09T10:38:15 IST" skipped="0">
  <testcase classname="executerScripts.LoginScript" name="loginFunction" time="10.054"/>
  <system-out/>
</testsuite> <!-- executerScripts.LoginScript -->
