<?xml version="1.0" encoding="UTF-8"?>
<!-- Generated by org.testng.reporters.JUnitReportReporter -->
<testsuite hostname="DESKTOP-V1B5SLC" failures="0" tests="1" name="testScripts.LoginTest" time="3.168" errors="0" timestamp="2022-02-11T17:39:54 IST" skipped="0">
  <testcase classname="testScripts.LoginTest" name="loginFunction" time="3.168"/>
  <system-out/>
</testsuite> <!-- testScripts.LoginTest -->
