<?xml version="1.0" encoding="UTF-8"?>
<!-- Generated by org.testng.reporters.JUnitReportReporter -->
<testsuite hostname="DESKTOP-V1B5SLC" failures="0" tests="1" name="testScripts.NotesTest" time="34.932" errors="0" timestamp="2022-02-14T14:28:47 IST" skipped="0">
  <testcase classname="testScripts.NotesTest" name="notesTestFunction" time="34.932"/>
  <system-out/>
</testsuite> <!-- testScripts.NotesTest -->
