<?xml version="1.0" encoding="UTF-8"?>
<!-- Generated by org.testng.reporters.JUnitReportReporter -->
<testsuite hostname="DESKTOP-V1B5SLC" failures="0" tests="1" name="testScripts.LoginTest" time="17.990" errors="0" timestamp="2022-02-15T17:47:59 IST" skipped="0">
  <testcase classname="testScripts.LoginTest" name="loginFunction" time="17.990"/>
  <system-out/>
</testsuite> <!-- testScripts.LoginTest -->
